<?xml version="1.0" encoding="UTF-8"?>
<testng-results skipped="0" failed="0" total="1" passed="1">
  <reporter-output>
  </reporter-output>
  <suite name="Default suite" duration-ms="8307" started-at="2019-06-09T19:52:43Z" finished-at="2019-06-09T19:52:52Z">
    <groups>
    </groups>
    <test name="Default test" duration-ms="8307" started-at="2019-06-09T19:52:43Z" finished-at="2019-06-09T19:52:52Z">
      <class name="testPack.TestcaseDefinition">
        <test-method status="PASS" signature="lunchbrowser()[pri:0, instance:testPack.TestcaseDefinition@50c87b21]" name="lunchbrowser" is-config="true" duration-ms="4445" started-at="2019-06-10T01:22:43Z" finished-at="2019-06-10T01:22:48Z">
          <reporter-output>
          </reporter-output>
        </test-method> <!-- lunchbrowser -->
        <test-method status="PASS" signature="getUrl()[pri:0, instance:testPack.TestcaseDefinition@50c87b21]" name="getUrl" duration-ms="3512" started-at="2019-06-10T01:22:48Z" finished-at="2019-06-10T01:22:51Z">
          <reporter-output>
          </reporter-output>
        </test-method> <!-- getUrl -->
        <test-method status="PASS" signature="closeBrowser()[pri:0, instance:testPack.TestcaseDefinition@50c87b21]" name="closeBrowser" is-config="true" duration-ms="321" started-at="2019-06-10T01:22:51Z" finished-at="2019-06-10T01:22:52Z">
          <reporter-output>
          </reporter-output>
        </test-method> <!-- closeBrowser -->
      </class> <!-- testPack.TestcaseDefinition -->
    </test> <!-- Default test -->
  </suite> <!-- Default suite -->
</testng-results>
