<?xml version="1.0" encoding="UTF-8"?>
<testng-results skipped="0" failed="0" ignored="0" total="1" passed="1">
  <reporter-output>
  </reporter-output>
  <suite name="Default suite" duration-ms="151" started-at="2019-06-29T09:40:38Z" finished-at="2019-06-29T09:40:38Z">
    <groups>
    </groups>
    <test name="Default test" duration-ms="151" started-at="2019-06-29T09:40:38Z" finished-at="2019-06-29T09:40:38Z">
      <class name="restAssured.FirstClass">
        <test-method status="PASS" signature="Firstmethod()[pri:0, instance:restAssured.FirstClass@1593948d]" name="Firstmethod" duration-ms="31" started-at="2019-06-29T09:40:38Z" finished-at="2019-06-29T09:40:38Z">
          <reporter-output>
          </reporter-output>
        </test-method> <!-- Firstmethod -->
      </class> <!-- restAssured.FirstClass -->
    </test> <!-- Default test -->
  </suite> <!-- Default suite -->
</testng-results>
