<?xml version="1.0" encoding="UTF-8"?>
<testng-results skipped="0" failed="0" total="1" passed="1">
  <reporter-output>
  </reporter-output>
  <suite name="Default suite" duration-ms="96984" started-at="2019-07-09T16:58:17Z" finished-at="2019-07-09T16:59:54Z">
    <groups>
    </groups>
    <test name="Default test" duration-ms="96984" started-at="2019-07-09T16:58:17Z" finished-at="2019-07-09T16:59:54Z">
      <class name="testNG_TestScripts.TestScriptsDefinition">
        <test-method status="PASS" signature="onExecutionStart()[pri:0, instance:testNG_TestScripts.TestScriptsDefinition@396a51ab]" name="onExecutionStart" is-config="true" duration-ms="348" started-at="2019-07-09T22:28:17Z" finished-at="2019-07-09T22:28:17Z">
          <reporter-output>
          </reporter-output>
        </test-method> <!-- onExecutionStart -->
        <test-method status="PASS" signature="TC01_SingIn()[pri:0, instance:testNG_TestScripts.TestScriptsDefinition@396a51ab]" name="TC01_SingIn" duration-ms="35702" started-at="2019-07-09T22:28:17Z" finished-at="2019-07-09T22:28:53Z">
          <reporter-output>
          </reporter-output>
        </test-method> <!-- TC01_SingIn -->
        <test-method status="PASS" signature="setup()[pri:0, instance:testNG_TestScripts.TestScriptsDefinition@396a51ab]" name="setup" is-config="true" duration-ms="0" started-at="2019-07-09T22:28:17Z" finished-at="2019-07-09T22:28:17Z">
          <reporter-output>
          </reporter-output>
        </test-method> <!-- setup -->
        <test-method status="PASS" signature="teardown()[pri:0, instance:testNG_TestScripts.TestScriptsDefinition@396a51ab]" name="teardown" is-config="true" duration-ms="787" started-at="2019-07-09T22:28:53Z" finished-at="2019-07-09T22:28:54Z">
          <reporter-output>
          </reporter-output>
        </test-method> <!-- teardown -->
        <test-method status="FAIL" signature="showresults()[pri:0, instance:testNG_TestScripts.TestScriptsDefinition@396a51ab]" name="showresults" is-config="true" duration-ms="0" started-at="2019-07-09T22:28:54Z" finished-at="2019-07-09T22:28:54Z">
          <exception class="org.openqa.selenium.WebDriverException">
            <message>
              <![CDATA[Failed to connect to binary FirefoxBinary(C:\Program Files\Mozilla Firefox\firefox.exe) on port 7055; process output follows: 
lla Firefox\\browser\\features\\webcompat-reporter@mozilla.org.xpi","skinnable":false,"sourceURI":null,"releaseNotesURI":null,"softDisabled":false,"foreignInstall":false,"strictCompatibility":true,"locales":[],"targetApplications":[{"id":"toolkit@mozilla.org","minVersion":null,"maxVersion":null}],"targetPlatforms":[],"seen":true,"dependencies":[],"incognito":"spanning","userPermissions":{"permissions":["tabs"],"origins":["<all_urls>"]},"icons":{"16":"icons/lightbulb.svg","32":"icons/lightbulb.svg","48":"icons/lightbulb.svg","96":"icons/lightbulb.svg","128":"icons/lightbulb.svg"},"iconURL":null,"blocklistState":0,"blocklistURL":null,"startupData":null,"hidden":true,"installTelemetryInfo":null,"rootURI":"jar:file:///C:/Program%20Files/Mozilla%20Firefox/browser/features/webcompat-reporter@mozilla.org.xpi!/","location":"app-system-defaults"}
1562691556287	addons.xpi	DEBUG	Updating XPIState for {"id":"webcompat@mozilla.org","syncGUID":"{43b275af-3bda-426b-a611-edf42bb8f3ae}","version":"4.0.0","type":"extension","loader":null,"updateURL":null,"optionsURL":null,"optionsType":null,"optionsBrowserStyle":true,"aboutURL":null,"defaultLocale":{"name":"Web Compat","description":"Urgent post-release fixes for web compatibility.","creator":null,"developers":null,"translators":null,"contributors":null},"visible":true,"active":true,"userDisabled":false,"appDisabled":false,"installDate":1559632331772,"updateDate":1559632331772,"applyBackgroundUpdates":1,"path":"C:\\Program Files\\Mozilla Firefox\\browser\\features\\webcompat@mozilla.org.xpi","skinnable":false,"sourceURI":null,"releaseNotesURI":null,"softDisabled":false,"foreignInstall":false,"strictCompatibility":true,"locales":[],"targetApplications":[{"id":"toolkit@mozilla.org","minVersion":"59.0b5","maxVersion":null}],"targetPlatforms":[],"seen":true,"dependencies":[],"incognito":"spanning","userPermissions":{"permissions":["webRequest","webRequestBlocking"],"origins":["<all_urls>"]},"icons":{},"iconURL":null,"blocklistState":0,"blocklistURL":null,"startupData":null,"hidden":true,"installTelemetryInfo":null,"rootURI":"jar:file:///C:/Program%20Files/Mozilla%20Firefox/browser/features/webcompat@mozilla.org.xpi!/","location":"app-system-defaults"}
1562691556288	addons.xpi-utils	DEBUG	Updating add-on states
1562691556288	addons.xpi-utils	DEBUG	Error: Synchronously loading the add-ons database(resource://gre/modules/addons/XPIDatabase.jsm:1310:15) JS Stack trace: syncLoadDB@XPIDatabase.jsm:1310:15
startup@XPIProvider.jsm:2242:23
callProvider@AddonManager.jsm:204:31
_startProvider@AddonManager.jsm:655:5
startup@AddonManager.jsm:811:14
startup@AddonManager.jsm:2804:26
observe@addonManager.js:65:29
1562691556323	addons.xpi	DEBUG	Calling bootstrap method startup on formautofill@mozilla.org version 1.0
1562691556439	addons.xpi	DEBUG	Calling bootstrap method startup on fxmonitor@mozilla.org version 3.0
1562691556440	addons.xpi	DEBUG	Calling bootstrap method startup on screenshots@mozilla.org version 37.1.0
1562691556442	addons.xpi	DEBUG	Calling bootstrap method startup on webcompat@mozilla.org version 4.0.0
1562691556446	addons.manager	DEBUG	Registering shutdown blocker for XPIProvider
1562691556447	addons.manager	DEBUG	Provider finished startup: XPIProvider
1562691556447	addons.manager	DEBUG	Starting provider: LightweightThemeManager
1562691556447	addons.manager	DEBUG	Registering shutdown blocker for LightweightThemeManager
1562691556448	addons.manager	DEBUG	Provider finished startup: LightweightThemeManager
1562691556449	addons.manager	DEBUG	Starting provider: GMPProvider
1562691556525	addons.manager	DEBUG	Registering shutdown blocker for GMPProvider
1562691556526	addons.manager	DEBUG	Provider finished startup: GMPProvider
1562691556526	addons.manager	DEBUG	Starting provider: PluginProvider
1562691556526	addons.manager	DEBUG	Registering shutdown blocker for PluginProvider
1562691556526	addons.manager	DEBUG	Provider finished startup: PluginProvider
1562691556599	addons.manager	DEBUG	Completed startup sequence
1562691573776	addons.repository	DEBUG	No addons.json found.

Build info: version: '2.53.0', revision: '35ae25b', time: '2016-03-15 17:00:58'
System info: host: 'Amar-PC', ip: '192.168.1.109', os.name: 'Windows 7', os.arch: 'amd64', os.version: '6.1', java.version: '1.8.0_92'
Driver info: driver.version: FirefoxDriver]]>
            </message>
            <full-stacktrace>
              <![CDATA[org.openqa.selenium.WebDriverException: Failed to connect to binary FirefoxBinary(C:\Program Files\Mozilla Firefox\firefox.exe) on port 7055; process output follows: 
lla Firefox\\browser\\features\\webcompat-reporter@mozilla.org.xpi","skinnable":false,"sourceURI":null,"releaseNotesURI":null,"softDisabled":false,"foreignInstall":false,"strictCompatibility":true,"locales":[],"targetApplications":[{"id":"toolkit@mozilla.org","minVersion":null,"maxVersion":null}],"targetPlatforms":[],"seen":true,"dependencies":[],"incognito":"spanning","userPermissions":{"permissions":["tabs"],"origins":["<all_urls>"]},"icons":{"16":"icons/lightbulb.svg","32":"icons/lightbulb.svg","48":"icons/lightbulb.svg","96":"icons/lightbulb.svg","128":"icons/lightbulb.svg"},"iconURL":null,"blocklistState":0,"blocklistURL":null,"startupData":null,"hidden":true,"installTelemetryInfo":null,"rootURI":"jar:file:///C:/Program%20Files/Mozilla%20Firefox/browser/features/webcompat-reporter@mozilla.org.xpi!/","location":"app-system-defaults"}
1562691556287	addons.xpi	DEBUG	Updating XPIState for {"id":"webcompat@mozilla.org","syncGUID":"{43b275af-3bda-426b-a611-edf42bb8f3ae}","version":"4.0.0","type":"extension","loader":null,"updateURL":null,"optionsURL":null,"optionsType":null,"optionsBrowserStyle":true,"aboutURL":null,"defaultLocale":{"name":"Web Compat","description":"Urgent post-release fixes for web compatibility.","creator":null,"developers":null,"translators":null,"contributors":null},"visible":true,"active":true,"userDisabled":false,"appDisabled":false,"installDate":1559632331772,"updateDate":1559632331772,"applyBackgroundUpdates":1,"path":"C:\\Program Files\\Mozilla Firefox\\browser\\features\\webcompat@mozilla.org.xpi","skinnable":false,"sourceURI":null,"releaseNotesURI":null,"softDisabled":false,"foreignInstall":false,"strictCompatibility":true,"locales":[],"targetApplications":[{"id":"toolkit@mozilla.org","minVersion":"59.0b5","maxVersion":null}],"targetPlatforms":[],"seen":true,"dependencies":[],"incognito":"spanning","userPermissions":{"permissions":["webRequest","webRequestBlocking"],"origins":["<all_urls>"]},"icons":{},"iconURL":null,"blocklistState":0,"blocklistURL":null,"startupData":null,"hidden":true,"installTelemetryInfo":null,"rootURI":"jar:file:///C:/Program%20Files/Mozilla%20Firefox/browser/features/webcompat@mozilla.org.xpi!/","location":"app-system-defaults"}
1562691556288	addons.xpi-utils	DEBUG	Updating add-on states
1562691556288	addons.xpi-utils	DEBUG	Error: Synchronously loading the add-ons database(resource://gre/modules/addons/XPIDatabase.jsm:1310:15) JS Stack trace: syncLoadDB@XPIDatabase.jsm:1310:15
startup@XPIProvider.jsm:2242:23
callProvider@AddonManager.jsm:204:31
_startProvider@AddonManager.jsm:655:5
startup@AddonManager.jsm:811:14
startup@AddonManager.jsm:2804:26
observe@addonManager.js:65:29
1562691556323	addons.xpi	DEBUG	Calling bootstrap method startup on formautofill@mozilla.org version 1.0
1562691556439	addons.xpi	DEBUG	Calling bootstrap method startup on fxmonitor@mozilla.org version 3.0
1562691556440	addons.xpi	DEBUG	Calling bootstrap method startup on screenshots@mozilla.org version 37.1.0
1562691556442	addons.xpi	DEBUG	Calling bootstrap method startup on webcompat@mozilla.org version 4.0.0
1562691556446	addons.manager	DEBUG	Registering shutdown blocker for XPIProvider
1562691556447	addons.manager	DEBUG	Provider finished startup: XPIProvider
1562691556447	addons.manager	DEBUG	Starting provider: LightweightThemeManager
1562691556447	addons.manager	DEBUG	Registering shutdown blocker for LightweightThemeManager
1562691556448	addons.manager	DEBUG	Provider finished startup: LightweightThemeManager
1562691556449	addons.manager	DEBUG	Starting provider: GMPProvider
1562691556525	addons.manager	DEBUG	Registering shutdown blocker for GMPProvider
1562691556526	addons.manager	DEBUG	Provider finished startup: GMPProvider
1562691556526	addons.manager	DEBUG	Starting provider: PluginProvider
1562691556526	addons.manager	DEBUG	Registering shutdown blocker for PluginProvider
1562691556526	addons.manager	DEBUG	Provider finished startup: PluginProvider
1562691556599	addons.manager	DEBUG	Completed startup sequence
1562691573776	addons.repository	DEBUG	No addons.json found.

Build info: version: '2.53.0', revision: '35ae25b', time: '2016-03-15 17:00:58'
System info: host: 'Amar-PC', ip: '192.168.1.109', os.name: 'Windows 7', os.arch: 'amd64', os.version: '6.1', java.version: '1.8.0_92'
Driver info: driver.version: FirefoxDriver
	at org.openqa.selenium.firefox.internal.NewProfileExtensionConnection.start(NewProfileExtensionConnection.java:124)
	at org.openqa.selenium.firefox.FirefoxDriver.startClient(FirefoxDriver.java:271)
	at org.openqa.selenium.remote.RemoteWebDriver.<init>(RemoteWebDriver.java:119)
	at org.openqa.selenium.firefox.FirefoxDriver.<init>(FirefoxDriver.java:218)
	at org.openqa.selenium.firefox.FirefoxDriver.<init>(FirefoxDriver.java:211)
	at org.openqa.selenium.firefox.FirefoxDriver.<init>(FirefoxDriver.java:207)
	at org.openqa.selenium.firefox.FirefoxDriver.<init>(FirefoxDriver.java:120)
	at testNG_TestScripts.TestScriptsDefinition.showresults(TestScriptsDefinition.java:57)
	at sun.reflect.NativeMethodAccessorImpl.invoke0(Native Method)
	at sun.reflect.NativeMethodAccessorImpl.invoke(NativeMethodAccessorImpl.java:62)
	at sun.reflect.DelegatingMethodAccessorImpl.invoke(DelegatingMethodAccessorImpl.java:43)
	at java.lang.reflect.Method.invoke(Method.java:498)
	at org.testng.internal.MethodInvocationHelper.invokeMethod(MethodInvocationHelper.java:85)
	at org.testng.internal.Invoker.invokeConfigurationMethod(Invoker.java:510)
	at org.testng.internal.Invoker.invokeConfigurations(Invoker.java:211)
	at org.testng.internal.Invoker.invokeConfigurations(Invoker.java:138)
	at org.testng.TestRunner.afterRun(TestRunner.java:1023)
	at org.testng.TestRunner.run(TestRunner.java:628)
	at org.testng.SuiteRunner.runTest(SuiteRunner.java:359)
	at org.testng.SuiteRunner.runSequentially(SuiteRunner.java:354)
	at org.testng.SuiteRunner.privateRun(SuiteRunner.java:312)
	at org.testng.SuiteRunner.run(SuiteRunner.java:261)
	at org.testng.SuiteRunnerWorker.runSuite(SuiteRunnerWorker.java:52)
	at org.testng.SuiteRunnerWorker.run(SuiteRunnerWorker.java:86)
	at org.testng.TestNG.runSuitesSequentially(TestNG.java:1215)
	at org.testng.TestNG.runSuitesLocally(TestNG.java:1140)
	at org.testng.TestNG.run(TestNG.java:1048)
	at org.testng.remote.AbstractRemoteTestNG.run(AbstractRemoteTestNG.java:114)
	at org.testng.remote.RemoteTestNG.initAndRun(RemoteTestNG.java:251)
	at org.testng.remote.RemoteTestNG.main(RemoteTestNG.java:77)
Caused by: org.openqa.selenium.firefox.NotConnectedException: Unable to connect to host 127.0.0.1 on port 7055 after 45000 ms. Firefox console output:
lla Firefox\\browser\\features\\webcompat-reporter@mozilla.org.xpi","skinnable":false,"sourceURI":null,"releaseNotesURI":null,"softDisabled":false,"foreignInstall":false,"strictCompatibility":true,"locales":[],"targetApplications":[{"id":"toolkit@mozilla.org","minVersion":null,"maxVersion":null}],"targetPlatforms":[],"seen":true,"dependencies":[],"incognito":"spanning","userPermissions":{"permissions":["tabs"],"origins":["<all_urls>"]},"icons":{"16":"icons/lightbulb.svg","32":"icons/lightbulb.svg","48":"icons/lightbulb.svg","96":"icons/lightbulb.svg","128":"icons/lightbulb.svg"},"iconURL":null,"blocklistState":0,"blocklistURL":null,"startupData":null,"hidden":true,"installTelemetryInfo":null,"rootURI":"jar:file:///C:/Program%20Files/Mozilla%20Firefox/browser/features/webcompat-reporter@mozilla.org.xpi!/","location":"app-system-defaults"}
1562691556287	addons.xpi	DEBUG	Updating XPIState for {"id":"webcompat@mozilla.org","syncGUID":"{43b275af-3bda-426b-a611-edf42bb8f3ae}","version":"4.0.0","type":"extension","loader":null,"updateURL":null,"optionsURL":null,"optionsType":null,"optionsBrowserStyle":true,"aboutURL":null,"defaultLocale":{"name":"Web Compat","description":"Urgent post-release fixes for web compatibility.","creator":null,"developers":null,"translators":null,"contributors":null},"visible":true,"active":true,"userDisabled":false,"appDisabled":false,"installDate":1559632331772,"updateDate":1559632331772,"applyBackgroundUpdates":1,"path":"C:\\Program Files\\Mozilla Firefox\\browser\\features\\webcompat@mozilla.org.xpi","skinnable":false,"sourceURI":null,"releaseNotesURI":null,"softDisabled":false,"foreignInstall":false,"strictCompatibility":true,"locales":[],"targetApplications":[{"id":"toolkit@mozilla.org","minVersion":"59.0b5","maxVersion":null}],"targetPlatforms":[],"seen":true,"dependencies":[],"incognito":"spanning","userPermissions":{"permissions":["webRequest","webRequestBlocking"],"origins":["<all_urls>"]},"icons":{},"iconURL":null,"blocklistState":0,"blocklistURL":null,"startupData":null,"hidden":true,"installTelemetryInfo":null,"rootURI":"jar:file:///C:/Program%20Files/Mozilla%20Firefox/browser/features/webcompat@mozilla.org.xpi!/","location":"app-system-defaults"}
1562691556288	addons.xpi-utils	DEBUG	Updating add-on states
1562691556288	addons.xpi-utils	DEBUG	Error: Synchronously loading the add-ons database(resource://gre/modules/addons/XPIDatabase.jsm:1310:15) JS Stack trace: syncLoadDB@XPIDatabase.jsm:1310:15
startup@XPIProvider.jsm:2242:23
callProvider@AddonManager.jsm:204:31
_startProvider@AddonManager.jsm:655:5
startup@AddonManager.jsm:811:14
startup@AddonManager.jsm:2804:26
observe@addonManager.js:65:29
1562691556323	addons.xpi	DEBUG	Calling bootstrap method startup on formautofill@mozilla.org version 1.0
1562691556439	addons.xpi	DEBUG	Calling bootstrap method startup on fxmonitor@mozilla.org version 3.0
1562691556440	addons.xpi	DEBUG	Calling bootstrap method startup on screenshots@mozilla.org version 37.1.0
1562691556442	addons.xpi	DEBUG	Calling bootstrap method startup on webcompat@mozilla.org version 4.0.0
1562691556446	addons.manager	DEBUG	Registering shutdown blocker for XPIProvider
1562691556447	addons.manager	DEBUG	Provider finished startup: XPIProvider
1562691556447	addons.manager	DEBUG	Starting provider: LightweightThemeManager
1562691556447	addons.manager	DEBUG	Registering shutdown blocker for LightweightThemeManager
1562691556448	addons.manager	DEBUG	Provider finished startup: LightweightThemeManager
1562691556449	addons.manager	DEBUG	Starting provider: GMPProvider
1562691556525	addons.manager	DEBUG	Registering shutdown blocker for GMPProvider
1562691556526	addons.manager	DEBUG	Provider finished startup: GMPProvider
1562691556526	addons.manager	DEBUG	Starting provider: PluginProvider
1562691556526	addons.manager	DEBUG	Registering shutdown blocker for PluginProvider
1562691556526	addons.manager	DEBUG	Provider finished startup: PluginProvider
1562691556599	addons.manager	DEBUG	Completed startup sequence
1562691573776	addons.repository	DEBUG	No addons.json found.

	at org.openqa.selenium.firefox.internal.NewProfileExtensionConnection.start(NewProfileExtensionConnection.java:112)
	... 29 more
]]>
            </full-stacktrace>
          </exception> <!-- org.openqa.selenium.WebDriverException -->
          <reporter-output>
          </reporter-output>
        </test-method> <!-- showresults -->
      </class> <!-- testNG_TestScripts.TestScriptsDefinition -->
    </test> <!-- Default test -->
  </suite> <!-- Default suite -->
</testng-results>
